<?xml version="1.0" encoding="UTF-8"?>
<testsuite name="CalculatorTest" tests="1" skipped="0" failures="0" errors="0" timestamp="2019-12-02T13:13:39" hostname="recruit-ThinkCentre-M73" time="0.066">
  <properties/>
  <testcase name="multipleModifiedTest()" classname="CalculatorTest" time="0.066"/>
  <system-out><![CDATA[]]></system-out>
  <system-err><![CDATA[]]></system-err>
</testsuite>
