<?xml version="1.0" encoding="UTF-8"?>
<testsuite name="CalculatorTest" tests="1" skipped="0" failures="0" errors="0" timestamp="2019-11-28T14:08:16" hostname="recruit-ThinkCentre-M73" time="0.012">
  <properties/>
  <testcase name="addTest()" classname="CalculatorTest" time="0.012"/>
  <system-out><![CDATA[]]></system-out>
  <system-err><![CDATA[]]></system-err>
</testsuite>
